{"/Users/macintoshhd/Documents/project-document/front-end-unitest/src/counter.ts": {"path":"/Users/macintoshhd/Documents/project-document/front-end-unitest/src/counter.ts","all":false,"statementMap":{"0":{"start":{"line":1,"column":0},"end":{"line":1,"column":58}},"1":{"start":{"line":2,"column":0},"end":{"line":2,"column":17}},"2":{"start":{"line":3,"column":0},"end":{"line":3,"column":41}},"3":{"start":{"line":4,"column":0},"end":{"line":4,"column":19}},"4":{"start":{"line":5,"column":0},"end":{"line":5,"column":45}},"5":{"start":{"line":6,"column":0},"end":{"line":6,"column":3}},"6":{"start":{"line":7,"column":0},"end":{"line":7,"column":66}},"7":{"start":{"line":8,"column":0},"end":{"line":8,"column":15}},"8":{"start":{"line":9,"column":0},"end":{"line":9,"column":1}}},"s":{"0":1,"1":2,"2":2,"3":4,"4":4,"5":4,"6":2,"7":2,"8":2},"branchMap":{"0":{"type":"branch","line":1,"loc":{"start":{"line":1,"column":7},"end":{"line":9,"column":1}},"locations":[{"start":{"line":1,"column":7},"end":{"line":9,"column":1}}]},"1":{"type":"branch","line":3,"loc":{"start":{"line":3,"column":21},"end":{"line":6,"column":3}},"locations":[{"start":{"line":3,"column":21},"end":{"line":6,"column":3}}]},"2":{"type":"branch","line":7,"loc":{"start":{"line":7,"column":36},"end":{"line":7,"column":65}},"locations":[{"start":{"line":7,"column":36},"end":{"line":7,"column":65}}]}},"b":{"0":[2],"1":[4],"2":[2]},"fnMap":{"0":{"name":"setupCounter","decl":{"start":{"line":1,"column":7},"end":{"line":9,"column":1}},"loc":{"start":{"line":1,"column":7},"end":{"line":9,"column":1}},"line":1},"1":{"name":"setCounter","decl":{"start":{"line":3,"column":21},"end":{"line":6,"column":3}},"loc":{"start":{"line":3,"column":21},"end":{"line":6,"column":3}},"line":3}},"f":{"0":2,"1":4}}
,"/Users/macintoshhd/Documents/project-document/front-end-unitest/src/main.ts": {"path":"/Users/macintoshhd/Documents/project-document/front-end-unitest/src/main.ts","all":false,"statementMap":{"0":{"start":{"line":1,"column":0},"end":{"line":1,"column":21}},"1":{"start":{"line":2,"column":0},"end":{"line":2,"column":46}},"2":{"start":{"line":3,"column":0},"end":{"line":3,"column":33}},"3":{"start":{"line":4,"column":0},"end":{"line":4,"column":44}},"5":{"start":{"line":6,"column":0},"end":{"line":6,"column":32}},"6":{"start":{"line":7,"column":0},"end":{"line":7,"column":10}},"9":{"start":{"line":10,"column":0},"end":{"line":10,"column":62}},"12":{"start":{"line":13,"column":0},"end":{"line":13,"column":82}},"23":{"start":{"line":24,"column":0},"end":{"line":24,"column":2}},"24":{"start":{"line":25,"column":0},"end":{"line":25,"column":5}},"25":{"start":{"line":26,"column":0},"end":{"line":26,"column":74}},"26":{"start":{"line":27,"column":0},"end":{"line":27,"column":71}},"27":{"start":{"line":28,"column":0},"end":{"line":28,"column":17}},"29":{"start":{"line":30,"column":0},"end":{"line":30,"column":1}}},"s":{"0":1,"1":1,"2":1,"3":1,"5":1,"6":2,"9":2,"12":2,"23":2,"24":1,"25":1,"26":1,"27":1,"29":1},"branchMap":{"0":{"type":"branch","line":6,"loc":{"start":{"line":6,"column":25},"end":{"line":24,"column":2}},"locations":[{"start":{"line":6,"column":25},"end":{"line":24,"column":2}}]}},"b":{"0":[2]},"fnMap":{"0":{"name":"createApp","decl":{"start":{"line":6,"column":25},"end":{"line":24,"column":2}},"loc":{"start":{"line":6,"column":25},"end":{"line":24,"column":2}},"line":6}},"f":{"0":2}}
,"/Users/macintoshhd/Documents/project-document/front-end-unitest/src/models/order.model.ts": {"path":"/Users/macintoshhd/Documents/project-document/front-end-unitest/src/models/order.model.ts","all":true,"statementMap":{},"s":{},"branchMap":{"0":{"type":"branch","line":1,"loc":{"start":{"line":1,"column":291},"end":{"line":16,"column":1}},"locations":[{"start":{"line":1,"column":291},"end":{"line":16,"column":1}}]}},"b":{"0":[1]},"fnMap":{"0":{"name":"(empty-report)","decl":{"start":{"line":1,"column":291},"end":{"line":16,"column":1}},"loc":{"start":{"line":1,"column":291},"end":{"line":16,"column":1}},"line":1}},"f":{"0":1}}
,"/Users/macintoshhd/Documents/project-document/front-end-unitest/src/models/payment.model.ts": {"path":"/Users/macintoshhd/Documents/project-document/front-end-unitest/src/models/payment.model.ts","all":false,"statementMap":{"0":{"start":{"line":1,"column":0},"end":{"line":1,"column":27}},"1":{"start":{"line":2,"column":0},"end":{"line":2,"column":20}},"2":{"start":{"line":3,"column":0},"end":{"line":3,"column":20}},"3":{"start":{"line":4,"column":0},"end":{"line":4,"column":18}}},"s":{"0":1,"1":1,"2":1,"3":1},"branchMap":{"0":{"type":"branch","line":1,"loc":{"start":{"line":1,"column":7},"end":{"line":1,"column":27}},"locations":[{"start":{"line":1,"column":7},"end":{"line":1,"column":27}}]}},"b":{"0":[1]},"fnMap":{},"f":{}}
,"/Users/macintoshhd/Documents/project-document/front-end-unitest/src/services/order.service.ts": {"path":"/Users/macintoshhd/Documents/project-document/front-end-unitest/src/services/order.service.ts","all":false,"statementMap":{"5":{"start":{"line":6,"column":0},"end":{"line":6,"column":27}},"6":{"start":{"line":7,"column":0},"end":{"line":7,"column":65}},"8":{"start":{"line":9,"column":0},"end":{"line":9,"column":41}},"9":{"start":{"line":10,"column":0},"end":{"line":10,"column":100}},"10":{"start":{"line":11,"column":0},"end":{"line":11,"column":41}},"12":{"start":{"line":13,"column":0},"end":{"line":13,"column":18}},"13":{"start":{"line":14,"column":0},"end":{"line":14,"column":40}},"14":{"start":{"line":15,"column":0},"end":{"line":15,"column":5}},"16":{"start":{"line":17,"column":0},"end":{"line":17,"column":18}},"17":{"start":{"line":18,"column":0},"end":{"line":18,"column":3}},"19":{"start":{"line":20,"column":0},"end":{"line":20,"column":51}},"20":{"start":{"line":21,"column":0},"end":{"line":21,"column":92}},"21":{"start":{"line":22,"column":0},"end":{"line":22,"column":21}},"22":{"start":{"line":23,"column":0},"end":{"line":23,"column":41}},"23":{"start":{"line":24,"column":0},"end":{"line":24,"column":53}},"24":{"start":{"line":25,"column":0},"end":{"line":25,"column":7}},"26":{"start":{"line":27,"column":0},"end":{"line":27,"column":52}},"27":{"start":{"line":28,"column":0},"end":{"line":28,"column":24}},"28":{"start":{"line":29,"column":0},"end":{"line":29,"column":3}},"30":{"start":{"line":31,"column":0},"end":{"line":31,"column":40}},"31":{"start":{"line":32,"column":0},"end":{"line":32,"column":31}},"32":{"start":{"line":33,"column":0},"end":{"line":33,"column":50}},"33":{"start":{"line":34,"column":0},"end":{"line":34,"column":5}},"35":{"start":{"line":36,"column":0},"end":{"line":36,"column":74}},"36":{"start":{"line":37,"column":0},"end":{"line":37,"column":49}},"37":{"start":{"line":38,"column":0},"end":{"line":38,"column":5}},"39":{"start":{"line":40,"column":0},"end":{"line":40,"column":92}},"45":{"start":{"line":46,"column":0},"end":{"line":46,"column":25}},"46":{"start":{"line":47,"column":0},"end":{"line":47,"column":62}},"48":{"start":{"line":49,"column":0},"end":{"line":49,"column":20}},"49":{"start":{"line":50,"column":0},"end":{"line":50,"column":42}},"50":{"start":{"line":51,"column":0},"end":{"line":51,"column":7}},"52":{"start":{"line":53,"column":0},"end":{"line":53,"column":36}},"54":{"start":{"line":55,"column":0},"end":{"line":55,"column":27}},"55":{"start":{"line":56,"column":0},"end":{"line":56,"column":23}},"56":{"start":{"line":57,"column":0},"end":{"line":57,"column":7}},"57":{"start":{"line":58,"column":0},"end":{"line":58,"column":5}},"59":{"start":{"line":60,"column":0},"end":{"line":60,"column":26}},"60":{"start":{"line":61,"column":0},"end":{"line":61,"column":15}},"61":{"start":{"line":62,"column":0},"end":{"line":62,"column":17}},"62":{"start":{"line":63,"column":0},"end":{"line":63,"column":89}},"63":{"start":{"line":64,"column":0},"end":{"line":64,"column":6}},"65":{"start":{"line":66,"column":0},"end":{"line":66,"column":62}},"67":{"start":{"line":68,"column":0},"end":{"line":68,"column":49}},"68":{"start":{"line":69,"column":0},"end":{"line":69,"column":24}},"69":{"start":{"line":70,"column":0},"end":{"line":70,"column":3}},"70":{"start":{"line":71,"column":0},"end":{"line":71,"column":1}}},"s":{"5":1,"6":1,"8":1,"9":2,"10":2,"12":2,"13":1,"14":1,"16":1,"17":2,"19":1,"20":1,"21":1,"22":1,"23":1,"24":1,"26":1,"27":1,"28":1,"30":1,"31":6,"32":1,"33":1,"35":6,"36":2,"37":2,"39":3,"45":3,"46":3,"48":3,"49":1,"50":1,"52":2,"54":3,"55":1,"56":1,"57":3,"59":2,"60":2,"61":2,"62":2,"63":2,"65":2,"67":2,"68":2,"69":6,"70":1},"branchMap":{"0":{"type":"branch","line":7,"loc":{"start":{"line":7,"column":2},"end":{"line":7,"column":65}},"locations":[{"start":{"line":7,"column":2},"end":{"line":7,"column":65}}]},"1":{"type":"branch","line":9,"loc":{"start":{"line":9,"column":2},"end":{"line":18,"column":3}},"locations":[{"start":{"line":9,"column":2},"end":{"line":18,"column":3}}]},"2":{"type":"branch","line":13,"loc":{"start":{"line":13,"column":17},"end":{"line":17,"column":18}},"locations":[{"start":{"line":13,"column":17},"end":{"line":17,"column":18}}]},"3":{"type":"branch","line":20,"loc":{"start":{"line":20,"column":2},"end":{"line":29,"column":3}},"locations":[{"start":{"line":20,"column":2},"end":{"line":29,"column":3}}]},"4":{"type":"branch","line":31,"loc":{"start":{"line":31,"column":2},"end":{"line":70,"column":3}},"locations":[{"start":{"line":31,"column":2},"end":{"line":70,"column":3}}]},"5":{"type":"branch","line":32,"loc":{"start":{"line":32,"column":30},"end":{"line":34,"column":5}},"locations":[{"start":{"line":32,"column":30},"end":{"line":34,"column":5}}]},"6":{"type":"branch","line":34,"loc":{"start":{"line":34,"column":4},"end":{"line":36,"column":73}},"locations":[{"start":{"line":34,"column":4},"end":{"line":36,"column":73}}]},"7":{"type":"branch","line":36,"loc":{"start":{"line":36,"column":73},"end":{"line":38,"column":5}},"locations":[{"start":{"line":36,"column":73},"end":{"line":38,"column":5}}]},"8":{"type":"branch","line":38,"loc":{"start":{"line":38,"column":4},"end":{"line":58,"column":5}},"locations":[{"start":{"line":38,"column":4},"end":{"line":58,"column":5}}]},"9":{"type":"branch","line":49,"loc":{"start":{"line":49,"column":19},"end":{"line":51,"column":7}},"locations":[{"start":{"line":49,"column":19},"end":{"line":51,"column":7}}]},"10":{"type":"branch","line":51,"loc":{"start":{"line":51,"column":6},"end":{"line":55,"column":26}},"locations":[{"start":{"line":51,"column":6},"end":{"line":55,"column":26}}]},"11":{"type":"branch","line":55,"loc":{"start":{"line":55,"column":26},"end":{"line":57,"column":7}},"locations":[{"start":{"line":55,"column":26},"end":{"line":57,"column":7}}]},"12":{"type":"branch","line":58,"loc":{"start":{"line":58,"column":4},"end":{"line":69,"column":24}},"locations":[{"start":{"line":58,"column":4},"end":{"line":69,"column":24}}]},"13":{"type":"branch","line":36,"loc":{"start":{"line":36,"column":25},"end":{"line":36,"column":70}},"locations":[{"start":{"line":36,"column":25},"end":{"line":36,"column":70}}]},"14":{"type":"branch","line":36,"loc":{"start":{"line":36,"column":47},"end":{"line":36,"column":70}},"locations":[{"start":{"line":36,"column":47},"end":{"line":36,"column":70}}]},"15":{"type":"branch","line":40,"loc":{"start":{"line":40,"column":40},"end":{"line":40,"column":89}},"locations":[{"start":{"line":40,"column":40},"end":{"line":40,"column":89}}]}},"b":{"0":[9],"1":[2],"2":[1],"3":[1],"4":[6],"5":[1],"6":[5],"7":[2],"8":[3],"9":[1],"10":[2],"11":[1],"12":[2],"13":[5],"14":[3],"15":[3]},"fnMap":{"0":{"name":"OrderService","decl":{"start":{"line":7,"column":2},"end":{"line":7,"column":65}},"loc":{"start":{"line":7,"column":2},"end":{"line":7,"column":65}},"line":7},"1":{"name":"getCouponById","decl":{"start":{"line":9,"column":2},"end":{"line":18,"column":3}},"loc":{"start":{"line":9,"column":2},"end":{"line":18,"column":3}},"line":9},"2":{"name":"createOrder","decl":{"start":{"line":20,"column":2},"end":{"line":29,"column":3}},"loc":{"start":{"line":20,"column":2},"end":{"line":29,"column":3}},"line":20},"3":{"name":"process","decl":{"start":{"line":31,"column":2},"end":{"line":70,"column":3}},"loc":{"start":{"line":31,"column":2},"end":{"line":70,"column":3}},"line":31}},"f":{"0":9,"1":2,"2":1,"3":6}}
,"/Users/macintoshhd/Documents/project-document/front-end-unitest/src/services/payment.service.ts": {"path":"/Users/macintoshhd/Documents/project-document/front-end-unitest/src/services/payment.service.ts","all":false,"statementMap":{"0":{"start":{"line":1,"column":0},"end":{"line":1,"column":56}},"3":{"start":{"line":4,"column":0},"end":{"line":4,"column":29}},"4":{"start":{"line":5,"column":0},"end":{"line":5,"column":39}},"5":{"start":{"line":6,"column":0},"end":{"line":6,"column":25}},"6":{"start":{"line":7,"column":0},"end":{"line":7,"column":25}},"7":{"start":{"line":8,"column":0},"end":{"line":8,"column":24}},"8":{"start":{"line":9,"column":0},"end":{"line":9,"column":4}},"10":{"start":{"line":11,"column":0},"end":{"line":11,"column":42}},"11":{"start":{"line":12,"column":0},"end":{"line":12,"column":68}},"12":{"start":{"line":13,"column":0},"end":{"line":13,"column":44}},"14":{"start":{"line":15,"column":0},"end":{"line":15,"column":36}},"15":{"start":{"line":16,"column":0},"end":{"line":16,"column":7}},"17":{"start":{"line":18,"column":0},"end":{"line":18,"column":43}},"19":{"start":{"line":20,"column":0},"end":{"line":20,"column":36}},"20":{"start":{"line":21,"column":0},"end":{"line":21,"column":7}},"22":{"start":{"line":23,"column":0},"end":{"line":23,"column":22}},"23":{"start":{"line":24,"column":0},"end":{"line":24,"column":7}},"25":{"start":{"line":26,"column":0},"end":{"line":26,"column":37}},"26":{"start":{"line":27,"column":0},"end":{"line":27,"column":3}},"28":{"start":{"line":29,"column":0},"end":{"line":29,"column":34}},"29":{"start":{"line":30,"column":0},"end":{"line":30,"column":81}},"30":{"start":{"line":31,"column":0},"end":{"line":31,"column":3}},"31":{"start":{"line":32,"column":0},"end":{"line":32,"column":1}}},"s":{"0":1,"3":1,"4":2,"5":2,"6":2,"7":2,"8":2,"10":2,"11":5,"12":15,"14":5,"15":5,"17":15,"19":5,"20":5,"22":5,"23":5,"25":5,"26":5,"28":2,"29":1,"30":1,"31":2},"branchMap":{"0":{"type":"branch","line":4,"loc":{"start":{"line":4,"column":7},"end":{"line":32,"column":1}},"locations":[{"start":{"line":4,"column":7},"end":{"line":32,"column":1}}]},"1":{"type":"branch","line":11,"loc":{"start":{"line":11,"column":2},"end":{"line":27,"column":3}},"locations":[{"start":{"line":11,"column":2},"end":{"line":27,"column":3}}]},"2":{"type":"branch","line":12,"loc":{"start":{"line":12,"column":57},"end":{"line":24,"column":5}},"locations":[{"start":{"line":12,"column":57},"end":{"line":24,"column":5}}]},"3":{"type":"branch","line":13,"loc":{"start":{"line":13,"column":43},"end":{"line":16,"column":7}},"locations":[{"start":{"line":13,"column":43},"end":{"line":16,"column":7}}]},"4":{"type":"branch","line":16,"loc":{"start":{"line":16,"column":6},"end":{"line":18,"column":42}},"locations":[{"start":{"line":16,"column":6},"end":{"line":18,"column":42}}]},"5":{"type":"branch","line":18,"loc":{"start":{"line":18,"column":42},"end":{"line":23,"column":22}},"locations":[{"start":{"line":18,"column":42},"end":{"line":23,"column":22}}]},"6":{"type":"branch","line":29,"loc":{"start":{"line":29,"column":2},"end":{"line":31,"column":3}},"locations":[{"start":{"line":29,"column":2},"end":{"line":31,"column":3}}]}},"b":{"0":[2],"1":[5],"2":[15],"3":[5],"4":[10],"5":[5],"6":[1]},"fnMap":{"0":{"name":"<instance_members_initializer>","decl":{"start":{"line":4,"column":7},"end":{"line":32,"column":1}},"loc":{"start":{"line":4,"column":7},"end":{"line":32,"column":1}},"line":4},"1":{"name":"buildPaymentMethod","decl":{"start":{"line":11,"column":2},"end":{"line":27,"column":3}},"loc":{"start":{"line":11,"column":2},"end":{"line":27,"column":3}},"line":11},"2":{"name":"payViaLink","decl":{"start":{"line":29,"column":2},"end":{"line":31,"column":3}},"loc":{"start":{"line":29,"column":2},"end":{"line":31,"column":3}},"line":29}},"f":{"0":2,"1":5,"2":1}}
}
